2025-11-27 20:51 +00:00: 
2025-11-27 20:51 +00:00: > hkmsp-frontend@0.1.0 dev:backend
2025-11-27 20:51 +00:00: > node server.js
2025-11-27 20:51 +00:00: 
2025-11-27 20:51 +00:00: HKMSP Backend API running on port 5000
2025-11-27 20:51 +00:00: Environment: development
2025-11-27 20:51 +00:00: Connected to SQLite database
2025-11-27 20:51 +00:00: 
2025-11-27 20:51 +00:00: > hkmsp-frontend@0.1.0 dev:backend
2025-11-27 20:51 +00:00: > node server.js
2025-11-27 20:51 +00:00: 
2025-11-27 20:51 +00:00: HKMSP Backend API running on port 5000
2025-11-27 20:51 +00:00: Environment: development
2025-11-27 20:51 +00:00: Connected to SQLite database
2025-11-27 20:51 +00:00: 
2025-11-27 20:51 +00:00: > hkmsp-frontend@0.1.0 dev:backend
2025-11-27 20:51 +00:00: > node server.js
2025-11-27 20:51 +00:00: 
2025-11-27 20:51 +00:00: HKMSP Backend API running on port 5000
2025-11-27 20:51 +00:00: Environment: development
2025-11-27 20:51 +00:00: Connected to SQLite database
2025-11-27 20:51 +00:00: 
2025-11-27 20:51 +00:00: > hkmsp-frontend@0.1.0 dev:backend
2025-11-27 20:51 +00:00: > node server.js
2025-11-27 20:51 +00:00: 
2025-11-27 20:51 +00:00: HKMSP Backend API running on port 5000
2025-11-27 20:51 +00:00: Environment: development
2025-11-27 20:51 +00:00: Connected to SQLite database
2025-11-27 20:51 +00:00: 
2025-11-27 20:51 +00:00: > hkmsp-frontend@0.1.0 dev:backend
2025-11-27 20:51 +00:00: > node server.js
2025-11-27 20:51 +00:00: 
2025-11-27 20:51 +00:00: HKMSP Backend API running on port 5000
2025-11-27 20:51 +00:00: Environment: development
2025-11-27 20:51 +00:00: Connected to SQLite database
2025-11-27 20:51 +00:00: 
2025-11-27 20:51 +00:00: > hkmsp-frontend@0.1.0 dev:backend
2025-11-27 20:51 +00:00: > node server.js
2025-11-27 20:51 +00:00: 
2025-11-27 20:51 +00:00: HKMSP Backend API running on port 5000
2025-11-27 20:51 +00:00: Environment: development
2025-11-27 20:51 +00:00: Connected to SQLite database
2025-11-27 20:51 +00:00: 
2025-11-27 20:51 +00:00: > hkmsp-frontend@0.1.0 dev:backend
2025-11-27 20:51 +00:00: > node server.js
2025-11-27 20:51 +00:00: 
2025-11-27 20:51 +00:00: HKMSP Backend API running on port 5000
2025-11-27 20:51 +00:00: Environment: development
2025-11-27 20:51 +00:00: Connected to SQLite database
2025-11-27 20:51 +00:00: 
2025-11-27 20:51 +00:00: > hkmsp-frontend@0.1.0 dev:backend
2025-11-27 20:51 +00:00: > node server.js
2025-11-27 20:51 +00:00: 
2025-11-27 20:51 +00:00: HKMSP Backend API running on port 5000
2025-11-27 20:51 +00:00: Environment: development
2025-11-27 20:51 +00:00: Connected to SQLite database
2025-11-27 20:51 +00:00: 
2025-11-27 20:51 +00:00: > hkmsp-frontend@0.1.0 dev:backend
2025-11-27 20:51 +00:00: > node server.js
2025-11-27 20:51 +00:00: 
2025-11-27 20:51 +00:00: HKMSP Backend API running on port 5000
2025-11-27 20:51 +00:00: Environment: development
2025-11-27 20:51 +00:00: Connected to SQLite database
2025-11-27 20:51 +00:00: 
2025-11-27 20:51 +00:00: > hkmsp-frontend@0.1.0 dev:backend
2025-11-27 20:51 +00:00: > node server.js
2025-11-27 20:51 +00:00: 
2025-11-27 20:51 +00:00: HKMSP Backend API running on port 5000
2025-11-27 20:51 +00:00: Environment: development
2025-11-27 20:51 +00:00: Connected to SQLite database
2025-11-27 20:51 +00:00: 
2025-11-27 20:51 +00:00: > hkmsp-frontend@0.1.0 dev:backend
2025-11-27 20:51 +00:00: > node server.js
2025-11-27 20:51 +00:00: 
2025-11-27 20:51 +00:00: HKMSP Backend API running on port 5000
2025-11-27 20:51 +00:00: Environment: development
2025-11-27 20:51 +00:00: Connected to SQLite database
2025-11-27 20:51 +00:00: 
2025-11-27 20:51 +00:00: > hkmsp-frontend@0.1.0 dev:backend
2025-11-27 20:51 +00:00: > node server.js
2025-11-27 20:51 +00:00: 
2025-11-27 20:51 +00:00: HKMSP Backend API running on port 5000
2025-11-27 20:51 +00:00: Environment: development
2025-11-27 20:51 +00:00: Connected to SQLite database
2025-11-27 20:51 +00:00: 
2025-11-27 20:51 +00:00: > hkmsp-frontend@0.1.0 dev:backend
2025-11-27 20:51 +00:00: > node server.js
2025-11-27 20:51 +00:00: 
2025-11-27 20:51 +00:00: HKMSP Backend API running on port 5000
2025-11-27 20:51 +00:00: Environment: development
2025-11-27 20:51 +00:00: Connected to SQLite database
2025-11-27 20:51 +00:00: 
2025-11-27 20:51 +00:00: > hkmsp-frontend@0.1.0 dev:backend
2025-11-27 20:51 +00:00: > node server.js
2025-11-27 20:51 +00:00: 
2025-11-27 20:51 +00:00: HKMSP Backend API running on port 5000
2025-11-27 20:51 +00:00: Environment: development
2025-11-27 20:51 +00:00: Connected to SQLite database
2025-11-27 20:51 +00:00: 
2025-11-27 20:51 +00:00: > hkmsp-frontend@0.1.0 dev:backend
2025-11-27 20:51 +00:00: > node server.js
2025-11-27 20:51 +00:00: 
2025-11-27 20:51 +00:00: HKMSP Backend API running on port 5000
2025-11-27 20:51 +00:00: Environment: development
2025-11-27 20:51 +00:00: Connected to SQLite database
2025-11-27 20:51 +00:00: 
2025-11-27 20:51 +00:00: > hkmsp-frontend@0.1.0 dev:backend
2025-11-27 20:51 +00:00: > node server.js
2025-11-27 20:51 +00:00: 
2025-11-27 20:51 +00:00: HKMSP Backend API running on port 5000
2025-11-27 20:51 +00:00: Environment: development
2025-11-27 20:51 +00:00: Connected to SQLite database
2025-11-27 20:51 +00:00: 
2025-11-27 20:51 +00:00: > hkmsp-frontend@0.1.0 dev:backend
2025-11-27 20:51 +00:00: > node server.js
2025-11-27 20:51 +00:00: 
2025-11-27 20:51 +00:00: HKMSP Backend API running on port 5000
2025-11-27 20:51 +00:00: Environment: development
2025-11-27 20:51 +00:00: Connected to SQLite database
2025-11-27 20:58 +00:00: 
2025-11-27 20:58 +00:00: > hkmsp-frontend@0.1.0 dev:backend
2025-11-27 20:58 +00:00: > node server.js
2025-11-27 20:58 +00:00: 
2025-11-27 20:58 +00:00: HKMSP Backend API running on port 5000
2025-11-27 20:58 +00:00: Environment: development
2025-11-27 20:58 +00:00: Connected to SQLite database
2025-11-27 20:58 +00:00: 
2025-11-27 20:58 +00:00: > hkmsp-frontend@0.1.0 dev:backend
2025-11-27 20:58 +00:00: > node server.js
2025-11-27 20:58 +00:00: 
2025-11-27 20:58 +00:00: HKMSP Backend API running on port 5000
2025-11-27 20:58 +00:00: Environment: development
2025-11-27 20:58 +00:00: Connected to SQLite database
2025-11-27 21:01 +00:00: [0mGET /api/health [32m200[0m 2.503 ms - 149[0m
2025-11-27 21:01 +00:00: [0mGET /api/health [32m200[0m 0.658 ms - 149[0m
2025-11-27 21:02 +00:00: [0mGET /api/v1/clients [32m200[0m 7.559 ms - 2[0m
2025-11-27 21:02 +00:00: [0mGET /api/v1/tickets [32m200[0m 0.827 ms - 39[0m
2025-11-27 21:02 +00:00: [0mGET /api/v1/contacts [32m200[0m 0.805 ms - 40[0m
2025-11-27 21:02 +00:00: [0mGET /api/v1/assets [32m200[0m 0.830 ms - 38[0m
2025-11-27 21:31 +00:00: 
2025-11-27 21:31 +00:00: > hkmsp-frontend@0.1.0 dev:backend
2025-11-27 21:31 +00:00: > node server.js
2025-11-27 21:31 +00:00: 
2025-11-27 21:31 +00:00: 
2025-11-27 21:31 +00:00: > hkmsp-frontend@0.1.0 dev:backend
2025-11-27 21:31 +00:00: > node server.js
2025-11-27 21:31 +00:00: 
2025-11-27 21:31 +00:00: 
2025-11-27 21:31 +00:00: > hkmsp-frontend@0.1.0 dev:backend
2025-11-27 21:31 +00:00: > node server.js
2025-11-27 21:31 +00:00: 
2025-11-27 21:31 +00:00: 
2025-11-27 21:31 +00:00: > hkmsp-frontend@0.1.0 dev:backend
2025-11-27 21:31 +00:00: > node server.js
2025-11-27 21:31 +00:00: 
2025-11-27 21:31 +00:00: 
2025-11-27 21:31 +00:00: > hkmsp-frontend@0.1.0 dev:backend
2025-11-27 21:31 +00:00: > node server.js
2025-11-27 21:31 +00:00: 
2025-11-27 21:31 +00:00: 
2025-11-27 21:31 +00:00: > hkmsp-frontend@0.1.0 dev:backend
2025-11-27 21:31 +00:00: > node server.js
2025-11-27 21:31 +00:00: 
2025-11-27 21:31 +00:00: 
2025-11-27 21:31 +00:00: > hkmsp-frontend@0.1.0 dev:backend
2025-11-27 21:31 +00:00: > node server.js
2025-11-27 21:31 +00:00: 
2025-11-27 21:31 +00:00: 
2025-11-27 21:31 +00:00: > hkmsp-frontend@0.1.0 dev:backend
2025-11-27 21:31 +00:00: > node server.js
2025-11-27 21:31 +00:00: 
2025-11-27 21:31 +00:00: 
2025-11-27 21:31 +00:00: > hkmsp-frontend@0.1.0 dev:backend
2025-11-27 21:31 +00:00: > node server.js
2025-11-27 21:31 +00:00: 
2025-11-27 21:31 +00:00: 
2025-11-27 21:31 +00:00: > hkmsp-frontend@0.1.0 dev:backend
2025-11-27 21:31 +00:00: > node server.js
2025-11-27 21:31 +00:00: 
2025-11-27 21:31 +00:00: 
2025-11-27 21:31 +00:00: > hkmsp-frontend@0.1.0 dev:backend
2025-11-27 21:31 +00:00: > node server.js
2025-11-27 21:31 +00:00: 
2025-11-27 21:31 +00:00: 
2025-11-27 21:31 +00:00: > hkmsp-frontend@0.1.0 dev:backend
2025-11-27 21:31 +00:00: > node server.js
2025-11-27 21:31 +00:00: 
2025-11-27 21:31 +00:00: 
2025-11-27 21:31 +00:00: > hkmsp-frontend@0.1.0 dev:backend
2025-11-27 21:31 +00:00: > node server.js
2025-11-27 21:31 +00:00: 
2025-11-27 21:31 +00:00: 
2025-11-27 21:31 +00:00: > hkmsp-frontend@0.1.0 dev:backend
2025-11-27 21:31 +00:00: > node server.js
2025-11-27 21:31 +00:00: 
2025-11-27 21:31 +00:00: 
2025-11-27 21:31 +00:00: > hkmsp-frontend@0.1.0 dev:backend
2025-11-27 21:31 +00:00: > node server.js
2025-11-27 21:31 +00:00: 
2025-11-27 21:31 +00:00: 
2025-11-27 21:31 +00:00: > hkmsp-frontend@0.1.0 dev:backend
2025-11-27 21:31 +00:00: > node server.js
2025-11-27 21:31 +00:00: 
2025-11-27 21:31 +00:00: 
2025-11-27 21:31 +00:00: > hkmsp-frontend@0.1.0 dev:backend
2025-11-27 21:31 +00:00: > node server.js
2025-11-27 21:31 +00:00: 
2025-11-27 21:31 +00:00: 
2025-11-27 21:31 +00:00: > hkmsp-frontend@0.1.0 dev:backend
2025-11-27 21:31 +00:00: > node server.js
2025-11-27 21:31 +00:00: 
2025-11-27 21:31 +00:00: 
2025-11-27 21:31 +00:00: > hkmsp-frontend@0.1.0 dev:backend
2025-11-27 21:31 +00:00: > node server.js
2025-11-27 21:31 +00:00: 
2025-11-27 21:31 +00:00: 
2025-11-27 21:31 +00:00: > hkmsp-frontend@0.1.0 dev:backend
2025-11-27 21:31 +00:00: > node server.js
2025-11-27 21:31 +00:00: 
2025-11-27 21:31 +00:00: 
2025-11-27 21:31 +00:00: > hkmsp-frontend@0.1.0 dev:backend
2025-11-27 21:31 +00:00: > node server.js
2025-11-27 21:31 +00:00: 
2025-11-27 21:31 +00:00: 
2025-11-27 21:31 +00:00: > hkmsp-frontend@0.1.0 dev:backend
2025-11-27 21:31 +00:00: > node server.js
2025-11-27 21:31 +00:00: 
2025-11-27 21:31 +00:00: 
2025-11-27 21:31 +00:00: > hkmsp-frontend@0.1.0 dev:backend
2025-11-27 21:31 +00:00: > node server.js
2025-11-27 21:31 +00:00: 
2025-11-27 21:31 +00:00: 
2025-11-27 21:31 +00:00: > hkmsp-frontend@0.1.0 dev:backend
2025-11-27 21:31 +00:00: > node server.js
2025-11-27 21:31 +00:00: 
2025-11-27 21:31 +00:00: 
2025-11-27 21:31 +00:00: > hkmsp-frontend@0.1.0 dev:backend
2025-11-27 21:31 +00:00: > node server.js
2025-11-27 21:31 +00:00: 
2025-11-27 21:31 +00:00: 
2025-11-27 21:31 +00:00: > hkmsp-frontend@0.1.0 dev:backend
2025-11-27 21:31 +00:00: > node server.js
2025-11-27 21:31 +00:00: 
2025-11-27 21:31 +00:00: 
2025-11-27 21:31 +00:00: > hkmsp-frontend@0.1.0 dev:backend
2025-11-27 21:31 +00:00: > node server.js
2025-11-27 21:31 +00:00: 
2025-11-27 21:31 +00:00: 
2025-11-27 21:31 +00:00: > hkmsp-frontend@0.1.0 dev:backend
2025-11-27 21:31 +00:00: > node server.js
2025-11-27 21:31 +00:00: 
2025-11-27 21:31 +00:00: 
2025-11-27 21:31 +00:00: > hkmsp-frontend@0.1.0 dev:backend
2025-11-27 21:31 +00:00: > node server.js
2025-11-27 21:31 +00:00: 
2025-11-27 21:31 +00:00: 
2025-11-27 21:31 +00:00: > hkmsp-frontend@0.1.0 dev:backend
2025-11-27 21:31 +00:00: > node server.js
2025-11-27 21:31 +00:00: 
2025-11-27 21:31 +00:00: 
2025-11-27 21:31 +00:00: > hkmsp-frontend@0.1.0 dev:backend
2025-11-27 21:31 +00:00: > node server.js
2025-11-27 21:31 +00:00: 
2025-11-27 21:31 +00:00: 
2025-11-27 21:31 +00:00: > hkmsp-frontend@0.1.0 dev:backend
2025-11-27 21:31 +00:00: > node server.js
2025-11-27 21:31 +00:00: 
2025-11-27 21:31 +00:00: 
2025-11-27 21:31 +00:00: > hkmsp-frontend@0.1.0 dev:backend
2025-11-27 21:31 +00:00: > node server.js
2025-11-27 21:31 +00:00: 
