2025-11-27 20:51 +00:00: 
2025-11-27 20:51 +00:00: > khalifa-mgmt-client@0.1.0 dev
2025-11-27 20:51 +00:00: > vite
2025-11-27 20:51 +00:00: 
2025-11-27 20:51 +00:00: Port 5173 is in use, trying another one...
2025-11-27 20:51 +00:00: Port 5174 is in use, trying another one...
2025-11-27 20:51 +00:00: 
2025-11-27 20:51 +00:00:   VITE v5.4.21  ready in 400 ms
2025-11-27 20:51 +00:00: 
2025-11-27 20:51 +00:00:   ➜  Local:   http://localhost:5175/
2025-11-27 20:51 +00:00:   ➜  Network: use --host to expose
2025-11-27 20:58 +00:00: 
2025-11-27 20:58 +00:00: > khalifa-mgmt-client@0.1.0 dev
2025-11-27 20:58 +00:00: > vite
2025-11-27 20:58 +00:00: 
2025-11-27 20:58 +00:00: 
2025-11-27 20:58 +00:00:   VITE v5.4.21  ready in 304 ms
2025-11-27 20:58 +00:00: 
2025-11-27 20:58 +00:00:   ➜  Local:   http://localhost:5173/
2025-11-27 20:58 +00:00:   ➜  Network: use --host to expose
2025-11-27 20:58 +00:00: 
2025-11-27 20:58 +00:00: > khalifa-mgmt-client@0.1.0 dev
2025-11-27 20:58 +00:00: > vite
2025-11-27 20:58 +00:00: 
2025-11-27 20:58 +00:00: 
2025-11-27 20:58 +00:00:   VITE v5.4.21  ready in 294 ms
2025-11-27 20:58 +00:00: 
2025-11-27 20:58 +00:00:   ➜  Local:   http://localhost:5173/
2025-11-27 20:58 +00:00:   ➜  Network: use --host to expose
2025-11-27 21:30 +00:00: 9:30:54 PM [vite] hmr update /src/pages/Documents.tsx, /src/index.css
2025-11-27 21:31 +00:00: 
2025-11-27 21:31 +00:00: > khalifa-mgmt-client@0.1.0 dev
2025-11-27 21:31 +00:00: > vite
2025-11-27 21:31 +00:00: 
2025-11-27 21:31 +00:00: 
2025-11-27 21:31 +00:00:   VITE v5.4.21  ready in 470 ms
2025-11-27 21:31 +00:00: 
2025-11-27 21:31 +00:00:   ➜  Local:   http://localhost:5173/
2025-11-27 21:31 +00:00:   ➜  Network: use --host to expose
